# Emoji Maker 开发日志

## 版本 1

### 需求
- 初始化项目
- 创建基本项目结构
- 设置开发日志系统

### 完成事项
1. 创建了 development.log 文件用于记录开发进度
2. 创建了 dev.version 文件用于记录内部版本号
3. 确认了现有的项目结构，包含了必要的配置文件
4. 项目使用 Vue 3 + TypeScript + Vite 技术栈

## 版本 2

### 需求
- 实现基本的表情制作功能
- 支持图片上传和拖拽
- 支持添加和编辑文字
- 支持导出表情图片

### 完成事项
1. 创建了 EmojiMaker 组件作为主要功能组件
2. 实现了图片上传功能，支持多图片上传
3. 实现了图片和文字的拖拽功能
4. 实现了文字添加和双击编辑功能
5. 使用 html2canvas 实现了表情导出功能
6. 优化了界面样式，提供了更好的用户体验

## 版本 3

### 需求
- 优化页面布局
- 提升用户体验

### 完成事项
1. 将布局改为上下结构，画布在上方，工具栏在下方
2. 优化了画布尺寸，设置为正方形且自适应屏幕大小
3. 工具栏按钮改为横向排列，更符合操作习惯
4. 调整了页面尺寸和间距，使其占满整个视口
5. 优化了组件样式，添加阴影效果提升层次感
6. 移除了多余的标题，使界面更加简洁

## 版本 4

### 需求
- 添加元素大小调整功能
- 优化元素控制体验

### 完成事项
1. 为图片添加了大小调整滑块，支持 50px 到 500px 的尺寸调整
2. 为文字添加了字号调整滑块，支持 12px 到 72px 的字号调整
3. 添加了元素删除功能，可以删除不需要的图片或文字
4. 优化了控制器的显示逻辑，只在鼠标悬停时显示
5. 为控制器添加了样式美化，包括半透明背景和阴影效果
6. 图片大小调整时保持宽高比例

## 版本 5

### 需求
- 添加元素旋转功能
- 优化控制面板布局

### 完成事项
1. 为图片和文字添加了旋转功能，支持 0-360 度旋转
2. 将控制面板改为悬浮显示，不影响主布局
3. 优化了控制面板的样式和交互
4. 添加了旋转角度显示
5. 设置了元素旋转的变换原点为中心点
6. 优化了选中状态的视觉反馈 